<?xml version="1.0" encoding="UTF-8"?>
<!-- Generated by org.testng.reporters.JUnitXMLReporter -->
<testsuite ignored="0" hostname="DESKTOP-IULVM7O" failures="2" tests="17" name="Regression" time="385.026" errors="0" timestamp="2023-04-04T16:13:57 IST">
  <testcase classname="ice_hrm_Automation.testngExample.Sample1" name="sample1Test1" time="0.29"/>
  <testcase classname="ice_hrm_Automation.testngExample.Sample1" name="sample1Test2" time="0.007"/>
  <testcase classname="ice_hrm_Automation.testngExample.Sample1" name="sample1Test3" time="0.016"/>
  <testcase classname="ice_hrm_Automation.testngExample.Sample2" name="sample2Test1" time="0.005"/>
  <testcase classname="ice_hrm_Automation.testngExample.Sample2" name="sample2Test2" time="0.046"/>
  <testcase classname="ice_hrm_Automation.testngExample.Sample2" name="sample2Test3" time="0.002"/>
  <testcase classname="ice_hrm_Automation.testngExample.Sample3" name="sample3Test1" time="0.024"/>
  <testcase classname="ice_hrm_Automation.testngExample.Sample3" name="sample3Test2" time="0.004"/>
  <testcase classname="ice_hrm_Automation.testngExample.Sample3" name="sample3Test3" time="0.003"/>
  <testcase classname="ice_hrm_Automation.testngExample.Sample4" name="sample4Test1" time="0.005"/>
  <testcase classname="ice_hrm_Automation.testngExample.Sample4" name="sample4Test2" time="0.005"/>
  <testcase classname="ice_hrm_Automation.testngExample.Sample4" name="sample4Test3" time="0.002"/>
  <testcase classname="ice_hrm_Automation.testngExample.Sample5" name="sample5Test1" time="0.003"/>
  <testcase classname="ice_hrm_Automation.testngExample.Sample5" name="sample5Test2" time="0.006"/>
  <testcase classname="ice_hrm_Automation.testngExample.Sample5" name="sample5Test3" time="0.003"/>
  <testcase classname="ice_hrm_Automation.testngExample.TestNGExample" name="addEmp" time="155.738">
    <failure type="org.openqa.selenium.WebDriverException" message="disconnected: not connected to DevTools
  (failed to check if window was closed: disconnected: not connected to DevTools)
  (Session info: MicrosoftEdge=111.0.1661.62)
Build info: version: &amp;apos;4.8.0&amp;apos;, revision: &amp;apos;267030adea&amp;apos;
System info: os.name: &amp;apos;Windows 10&amp;apos;, os.arch: &amp;apos;amd64&amp;apos;, os.version: &amp;apos;10.0&amp;apos;, java.version: &amp;apos;19.0.2&amp;apos;
Driver info: org.openqa.selenium.edge.EdgeDriver
Command: [bb30dcd67326d302420b1cf83d9a21b7, close {}]
Capabilities {acceptInsecureCerts: false, browserName: msedge, browserVersion: 111.0.1661.62, ms:edgeOptions: {debuggerAddress: localhost:53508}, msedge: {msedgedriverVersion: 110.0.1587.41 (dec2c0803210..., userDataDir: C:\Users\Apex\AppData\Local...}, networkConnectionEnabled: false, pageLoadStrategy: normal, platformName: WINDOWS, proxy: Proxy(), se:cdp: ws://localhost:53508/devtoo..., se:cdpVersion: 111.0.1661.62, setWindowRect: true, strictFileInteractability: false, timeouts: {implicit: 0, pageLoad: 300000, script: 30000}, unhandledPromptBehavior: dismiss and notify, webauthn:extension:credBlob: true, webauthn:extension:largeBlob: true, webauthn:virtualAuthenticators: true}
Session ID: bb30dcd67326d302420b1cf83d9a21b7">
      <![CDATA[org.openqa.selenium.WebDriverException: disconnected: not connected to DevTools
  (failed to check if window was closed: disconnected: not connected to DevTools)
  (Session info: MicrosoftEdge=111.0.1661.62)
Build info: version: '4.8.0', revision: '267030adea'
System info: os.name: 'Windows 10', os.arch: 'amd64', os.version: '10.0', java.version: '19.0.2'
Driver info: org.openqa.selenium.edge.EdgeDriver
Command: [bb30dcd67326d302420b1cf83d9a21b7, close {}]
Capabilities {acceptInsecureCerts: false, browserName: msedge, browserVersion: 111.0.1661.62, ms:edgeOptions: {debuggerAddress: localhost:53508}, msedge: {msedgedriverVersion: 110.0.1587.41 (dec2c0803210..., userDataDir: C:\Users\Apex\AppData\Local...}, networkConnectionEnabled: false, pageLoadStrategy: normal, platformName: WINDOWS, proxy: Proxy(), se:cdp: ws://localhost:53508/devtoo..., se:cdpVersion: 111.0.1661.62, setWindowRect: true, strictFileInteractability: false, timeouts: {implicit: 0, pageLoad: 300000, script: 30000}, unhandledPromptBehavior: dismiss and notify, webauthn:extension:credBlob: true, webauthn:extension:largeBlob: true, webauthn:virtualAuthenticators: true}
Session ID: bb30dcd67326d302420b1cf83d9a21b7
at org.openqa.selenium.remote.codec.w3c.W3CHttpResponseCodec.createException(W3CHttpResponseCodec.java:200)
at org.openqa.selenium.remote.codec.w3c.W3CHttpResponseCodec.decode(W3CHttpResponseCodec.java:133)
at org.openqa.selenium.remote.codec.w3c.W3CHttpResponseCodec.decode(W3CHttpResponseCodec.java:53)
at org.openqa.selenium.remote.HttpCommandExecutor.execute(HttpCommandExecutor.java:184)
at org.openqa.selenium.remote.service.DriverCommandExecutor.invokeExecute(DriverCommandExecutor.java:167)
at org.openqa.selenium.remote.service.DriverCommandExecutor.execute(DriverCommandExecutor.java:142)
at org.openqa.selenium.remote.RemoteWebDriver.execute(RemoteWebDriver.java:543)
at org.openqa.selenium.remote.RemoteWebDriver.execute(RemoteWebDriver.java:598)
at org.openqa.selenium.remote.RemoteWebDriver.execute(RemoteWebDriver.java:602)
at org.openqa.selenium.remote.RemoteWebDriver.close(RemoteWebDriver.java:419)
at ice_hrm_Automation.testngExample.TestNGExample.addEmp(TestNGExample.java:35)
at java.base/java.util.ArrayList.forEach(ArrayList.java:1511)
at java.base/java.util.concurrent.FutureTask.run(FutureTask.java:317)
at java.base/java.util.concurrent.ThreadPoolExecutor.runWorker(ThreadPoolExecutor.java:1144)
at java.base/java.util.concurrent.ThreadPoolExecutor$Worker.run(ThreadPoolExecutor.java:642)
at java.base/java.lang.Thread.run(Thread.java:1589)
... Removed 19 stack frames]]>
    </failure>
  </testcase> <!-- addEmp -->
  <testcase classname="ice_hrm_Automation.testngExample.TestNGExample" name="addEmp" time="383.971">
    <failure type="java.lang.NullPointerException" message="Cannot invoke &amp;quot;org.openqa.selenium.TakesScreenshot.getScreenshotAs(org.openqa.selenium.OutputType)&amp;quot; because &amp;quot;takesScreenshot&amp;quot; is null">
      <![CDATA[java.lang.NullPointerException: Cannot invoke "org.openqa.selenium.TakesScreenshot.getScreenshotAs(org.openqa.selenium.OutputType)" because "takesScreenshot" is null
at com.icehrm_automation.utility.TestListeners2.onTestFailure(TestListeners2.java:73)
at java.base/java.util.ArrayList.forEach(ArrayList.java:1511)
at java.base/java.util.concurrent.FutureTask.run(FutureTask.java:317)
at java.base/java.util.concurrent.ThreadPoolExecutor.runWorker(ThreadPoolExecutor.java:1144)
at java.base/java.util.concurrent.ThreadPoolExecutor$Worker.run(ThreadPoolExecutor.java:642)
at java.base/java.lang.Thread.run(Thread.java:1589)
... Removed 15 stack frames]]>
    </failure>
  </testcase> <!-- addEmp -->
</testsuite> <!-- Regression -->
