<?xml version="1.0" encoding="UTF-8"?>
<!-- Generated by org.testng.reporters.JUnitXMLReporter -->
<testsuite ignored="0" hostname="DESKTOP-IULVM7O" failures="0" tests="15" name="Sanity" time="0.315" errors="0" timestamp="2023-03-22T19:56:31 IST">
  <testcase classname="ice_hrm_Automation.testngExample.Sample1" name="sample1Test1" time="0.032"/>
  <testcase classname="ice_hrm_Automation.testngExample.Sample2" name="sample2Test1" time="0.023"/>
  <testcase classname="ice_hrm_Automation.testngExample.Sample2" name="sample2Test2" time="0.003"/>
  <testcase classname="ice_hrm_Automation.testngExample.Sample1" name="sample1Test2" time="0.004"/>
  <testcase classname="ice_hrm_Automation.testngExample.Sample2" name="sample2Test3" time="0.011"/>
  <testcase classname="ice_hrm_Automation.testngExample.Sample1" name="sample1Test3" time="0.006"/>
  <testcase classname="ice_hrm_Automation.testngExample.Sample3" name="sample3Test1" time="0.006"/>
  <testcase classname="ice_hrm_Automation.testngExample.Sample3" name="sample3Test2" time="0.002"/>
  <testcase classname="ice_hrm_Automation.testngExample.Sample3" name="sample3Test3" time="0.004"/>
  <testcase classname="ice_hrm_Automation.testngExample.Sample4" name="sample4Test1" time="0.006"/>
  <testcase classname="ice_hrm_Automation.testngExample.Sample4" name="sample4Test2" time="0.025"/>
  <testcase classname="ice_hrm_Automation.testngExample.Sample5" name="sample5Test1" time="0.005"/>
  <testcase classname="ice_hrm_Automation.testngExample.Sample5" name="sample5Test2" time="0.005"/>
  <testcase classname="ice_hrm_Automation.testngExample.Sample5" name="sample5Test3" time="0.011"/>
  <testcase classname="ice_hrm_Automation.testngExample.Sample4" name="sample4Test3" time="0.002"/>
</testsuite> <!-- Sanity -->
