<?xml version="1.0" encoding="UTF-8"?>
<testng-results ignored="0" total="1" passed="1" failed="0" skipped="0">
  <reporter-output>
  </reporter-output>
  <suite started-at="2023-04-04T18:47:01 IST" name="Default suite" finished-at="2023-04-04T18:47:42 IST" duration-ms="41100">
    <groups>
    </groups>
    <test started-at="2023-04-04T18:47:01 IST" name="Default test" finished-at="2023-04-04T18:47:42 IST" duration-ms="41100">
      <class name="OrangeHrm_Automation.FileUploadTest">
        <test-method is-config="true" signature="beforClass()[pri:0, instance:OrangeHrm_Automation.FileUploadTest@8f4ea7c]" started-at="2023-04-04T18:47:01 IST" name="beforClass" finished-at="2023-04-04T18:47:33 IST" duration-ms="31419" status="PASS">
          <reporter-output>
          </reporter-output>
        </test-method> <!-- beforClass -->
        <test-method signature="fileUpload()[pri:0, instance:OrangeHrm_Automation.FileUploadTest@8f4ea7c]" started-at="2023-04-04T18:47:33 IST" name="fileUpload" finished-at="2023-04-04T18:47:42 IST" duration-ms="9480" status="PASS">
          <reporter-output>
          </reporter-output>
        </test-method> <!-- fileUpload -->
      </class> <!-- OrangeHrm_Automation.FileUploadTest -->
    </test> <!-- Default test -->
  </suite> <!-- Default suite -->
</testng-results>
